Build started 30-10-2014 13:36:17.
     1>Project "C:\Users\Eward\Desktop\of_v0.8.4_vs_release\apps\myApps\BrainFuck\BrainFuck.vcxproj" on node 2 (Build target(s)).
     1>ClCompile:
         C:\Program Files (x86)\Microsoft Visual Studio 11.0\VC\bin\CL.exe /c /I..\..\..\libs\openFrameworks /I..\..\..\libs\openFrameworks\graphics /I..\..\..\libs\openFrameworks\app /I..\..\..\libs\openFrameworks\sound /I..\..\..\libs\openFrameworks\utils /I..\..\..\libs\openFrameworks\communication /I..\..\..\libs\openFrameworks\video /I..\..\..\libs\openFrameworks\types /I..\..\..\libs\openFrameworks\math /I..\..\..\libs\openFrameworks\3d /I..\..\..\libs\openFrameworks\gl /I..\..\..\libs\openFrameworks\events /I..\..\..\libs\glut\include /I..\..\..\libs\rtAudio\include /I..\..\..\libs\quicktime\include /I..\..\..\libs\freetype\include /I..\..\..\libs\freetype\include\freetype2 /I..\..\..\libs\freeImage\include /I..\..\..\libs\fmodex\include /I..\..\..\libs\videoInput\include /I..\..\..\libs\glew\include\ /I..\..\..\libs\glu\include /I..\..\..\libs\tess2\include /I..\..\..\libs\cairo\include\cairo /I..\..\..\libs\poco\include /I..\..\..\libs\glfw\include /I..\..\..\libs\openssl\include /I..\..\..\addons /Isrc /ZI /nologo /W3 /WX- /Od /Oy- /D WIN32 /D _DEBUG /D _CONSOLE /D POCO_STATIC /D CAIRO_WIN32_STATIC_BUILD /D DISABLE_SOME_FLOATING_POINT /D _UNICODE /D UNICODE /Gm /EHsc /RTC1 /MDd /GS /fp:precise /Zc:wchar_t /Zc:forScope /Fo"obj\Debug\\" /Fd"obj\Debug\vc110.pdb" /Gd /TP /analyze- /errorReport:prompt src\main.cpp src\ofApp.cpp
         ofApp.cpp
     1>c:\users\eward\desktop\of_v0.8.4_vs_release\libs\poco\include\poco\streamconverter.h(126): warning C4250: 'Poco::InputStreamConverter' : inherits 'std::basic_istream<_Elem,_Traits>::std::basic_istream<_Elem,_Traits>::_Add_vtordisp1' via dominance
                 with
                 [
                     _Elem=char,
                     _Traits=std::char_traits<char>
                 ]
                 c:\program files (x86)\microsoft visual studio 11.0\vc\include\istream(74) : see declaration of 'std::basic_istream<_Elem,_Traits>::_Add_vtordisp1'
                 with
                 [
                     _Elem=char,
                     _Traits=std::char_traits<char>
                 ]
     1>c:\users\eward\desktop\of_v0.8.4_vs_release\libs\poco\include\poco\streamconverter.h(144): warning C4250: 'Poco::OutputStreamConverter' : inherits 'std::basic_ostream<_Elem,_Traits>::std::basic_ostream<_Elem,_Traits>::_Add_vtordisp2' via dominance
                 with
                 [
                     _Elem=char,
                     _Traits=std::char_traits<char>
                 ]
                 c:\program files (x86)\microsoft visual studio 11.0\vc\include\ostream(90) : see declaration of 'std::basic_ostream<_Elem,_Traits>::_Add_vtordisp2'
                 with
                 [
                     _Elem=char,
                     _Traits=std::char_traits<char>
                 ]
     1>c:\users\eward\desktop\of_v0.8.4_vs_release\apps\myapps\brainfuck\src\ofapp.cpp(15): warning C4258: 'x' : definition from the for loop is ignored; the definition from the enclosing scope is used
                 c:\users\eward\desktop\of_v0.8.4_vs_release\apps\myapps\brainfuck\src\ofapp.cpp(5) : definition of 'x' ignored
                 c:\users\eward\desktop\of_v0.8.4_vs_release\apps\myapps\brainfuck\src\ofapp.h(31) : definition of 'ofApp::x' used
     1>c:\users\eward\desktop\of_v0.8.4_vs_release\apps\myapps\brainfuck\src\ofapp.cpp(17): warning C4258: 'x' : definition from the for loop is ignored; the definition from the enclosing scope is used
                 c:\users\eward\desktop\of_v0.8.4_vs_release\apps\myapps\brainfuck\src\ofapp.cpp(5) : definition of 'x' ignored
                 c:\users\eward\desktop\of_v0.8.4_vs_release\apps\myapps\brainfuck\src\ofapp.h(31) : definition of 'ofApp::x' used
     1>c:\users\eward\desktop\of_v0.8.4_vs_release\apps\myapps\brainfuck\src\ofapp.cpp(18): warning C4258: 'x' : definition from the for loop is ignored; the definition from the enclosing scope is used
                 c:\users\eward\desktop\of_v0.8.4_vs_release\apps\myapps\brainfuck\src\ofapp.cpp(5) : definition of 'x' ignored
                 c:\users\eward\desktop\of_v0.8.4_vs_release\apps\myapps\brainfuck\src\ofapp.h(31) : definition of 'ofApp::x' used
         main.cpp
     1>c:\users\eward\desktop\of_v0.8.4_vs_release\libs\poco\include\poco\streamconverter.h(126): warning C4250: 'Poco::InputStreamConverter' : inherits 'std::basic_istream<_Elem,_Traits>::std::basic_istream<_Elem,_Traits>::_Add_vtordisp1' via dominance
                 with
                 [
                     _Elem=char,
                     _Traits=std::char_traits<char>
                 ]
                 c:\program files (x86)\microsoft visual studio 11.0\vc\include\istream(74) : see declaration of 'std::basic_istream<_Elem,_Traits>::_Add_vtordisp1'
                 with
                 [
                     _Elem=char,
                     _Traits=std::char_traits<char>
                 ]
     1>c:\users\eward\desktop\of_v0.8.4_vs_release\libs\poco\include\poco\streamconverter.h(144): warning C4250: 'Poco::OutputStreamConverter' : inherits 'std::basic_ostream<_Elem,_Traits>::std::basic_ostream<_Elem,_Traits>::_Add_vtordisp2' via dominance
                 with
                 [
                     _Elem=char,
                     _Traits=std::char_traits<char>
                 ]
                 c:\program files (x86)\microsoft visual studio 11.0\vc\include\ostream(90) : see declaration of 'std::basic_ostream<_Elem,_Traits>::_Add_vtordisp2'
                 with
                 [
                     _Elem=char,
                     _Traits=std::char_traits<char>
                 ]
     1>c:\users\eward\desktop\of_v0.8.4_vs_release\apps\myapps\brainfuck\src\main.cpp(11): error C2512: 'ofApp' : no appropriate default constructor available
         Generating Code...
     1>Done Building Project "C:\Users\Eward\Desktop\of_v0.8.4_vs_release\apps\myApps\BrainFuck\BrainFuck.vcxproj" (Build target(s)) -- FAILED.

Build FAILED.

Time Elapsed 00:00:33.32
